<?xml version="1.0" encoding="UTF-8"?>
<!-- Generated by org.testng.reporters.JUnitReportReporter -->
<testsuite hostname="inlen8520085956" failures="2" tests="10" name="runner.LoginRunner" time="139.937" errors="0" timestamp="2023-01-05T15:09:36 IST" skipped="0">
  <testcase classname="runner.LoginRunner" name="runScenario" time="13.761"/>
  <system-out/>
  <testcase classname="runner.LoginRunner" name="runScenario" time="13.881">
    <failure message="null" type="java.lang.AssertionError">
      <![CDATA[java.lang.AssertionError: null
at org.testng.Assert.fail(Assert.java:110)
at org.testng.Assert.fail(Assert.java:115)
at steps.MyTodoSteps.the_i_should_redirect_to_my_todos_page_and_goal_should_be_edited(MyTodoSteps.java:91)
at ✽.the i should redirect to my todos page and goal should be edited(file:///C:/Users/dulkumar/eclipse-workspace/TodoAppTesting/src/test/java/features/myTodo.feature:31)
]]>
    </failure>
  </testcase> <!-- runScenario -->
  <system-out/>
  <testcase classname="runner.LoginRunner" name="runScenario" time="13.700"/>
  <system-out/>
  <testcase classname="runner.LoginRunner" name="runScenario" time="14.375"/>
  <system-out/>
  <testcase classname="runner.LoginRunner" name="runScenario" time="13.699"/>
  <system-out/>
  <testcase classname="runner.LoginRunner" name="runScenario" time="15.068">
    <failure message="null" type="java.lang.AssertionError">
      <![CDATA[java.lang.AssertionError: null
at org.testng.Assert.fail(Assert.java:110)
at org.testng.Assert.fail(Assert.java:115)
at steps.MyTodoSteps.the_i_should_redirect_to_my_todos_page_and_goal_should_be_edited(MyTodoSteps.java:91)
at ✽.the i should redirect to my todos page and goal should be edited(file:///C:/Users/dulkumar/eclipse-workspace/TodoAppTesting/src/test/java/features/myTodo.feature:31)
]]>
    </failure>
  </testcase> <!-- runScenario -->
  <system-out/>
  <testcase classname="runner.LoginRunner" name="runScenario" time="13.941"/>
  <system-out/>
  <testcase classname="runner.LoginRunner" name="runScenario" time="14.111"/>
  <system-out/>
  <testcase classname="runner.LoginRunner" name="runScenario" time="13.729"/>
  <system-out/>
  <testcase classname="runner.LoginRunner" name="runScenario" time="13.672"/>
  <system-out/>
</testsuite> <!-- runner.LoginRunner -->
