<?xml version="1.0" encoding="UTF-8"?>
<!-- Generated by org.testng.reporters.JUnitReportReporter -->
<testsuite hostname="inlen8520085956" failures="0" tests="6" name="runner.MyTodoRunner" time="714.649" errors="0" timestamp="2023-01-05T10:32:14 IST" skipped="0">
  <testcase classname="runner.MyTodoRunner" name="runScenario" time="89.923"/>
  <system-out/>
  <testcase classname="runner.MyTodoRunner" name="runScenario" time="90.748"/>
  <system-out/>
  <testcase classname="runner.MyTodoRunner" name="runScenario" time="89.739"/>
  <system-out/>
  <testcase classname="runner.MyTodoRunner" name="runScenario" time="176.647"/>
  <system-out/>
  <testcase classname="runner.MyTodoRunner" name="runScenario" time="90.899"/>
  <system-out/>
  <testcase classname="runner.MyTodoRunner" name="runScenario" time="176.693"/>
  <system-out/>
</testsuite> <!-- runner.MyTodoRunner -->
