<?xml version="1.0" encoding="UTF-8"?>
<!-- Generated by org.testng.reporters.JUnitReportReporter -->
<testsuite hostname="inlen8520085956" failures="0" tests="4" name="runner.Runner" time="25.737" errors="0" timestamp="2023-01-03T09:54:35 IST" skipped="0">
  <testcase classname="runner.Runner" name="runScenario" time="5.758"/>
  <system-out/>
  <testcase classname="runner.Runner" name="runScenario" time="6.578"/>
  <system-out/>
  <testcase classname="runner.Runner" name="runScenario" time="6.946"/>
  <system-out/>
  <testcase classname="runner.Runner" name="runScenario" time="6.455"/>
  <system-out/>
</testsuite> <!-- runner.Runner -->
