<?xml version="1.0" encoding="UTF-8"?>
<!-- Generated by org.testng.reporters.JUnitReportReporter -->
<testsuite hostname="inlen8520085956" failures="0" tests="6" name="runner.MyTodoRunner" time="35.291" errors="0" timestamp="2023-01-03T11:51:20 IST" skipped="0">
  <testcase classname="runner.MyTodoRunner" name="runScenario" time="4.981"/>
  <system-out/>
  <testcase classname="runner.MyTodoRunner" name="runScenario" time="5.554"/>
  <system-out/>
  <testcase classname="runner.MyTodoRunner" name="runScenario" time="5.046"/>
  <system-out/>
  <testcase classname="runner.MyTodoRunner" name="runScenario" time="6.618"/>
  <system-out/>
  <testcase classname="runner.MyTodoRunner" name="runScenario" time="6.843"/>
  <system-out/>
  <testcase classname="runner.MyTodoRunner" name="runScenario" time="6.249"/>
  <system-out/>
</testsuite> <!-- runner.MyTodoRunner -->
