<?xml version="1.0" encoding="UTF-8"?>
<!-- Generated by org.testng.reporters.JUnitReportReporter -->
<testsuite hostname="inlen8520085956" failures="0" tests="4" name="runner.LoginRunner" time="21.001" errors="0" timestamp="2023-01-03T11:51:20 IST" skipped="0">
  <testcase classname="runner.LoginRunner" name="runScenario" time="4.452"/>
  <system-out/>
  <testcase classname="runner.LoginRunner" name="runScenario" time="5.006"/>
  <system-out/>
  <testcase classname="runner.LoginRunner" name="runScenario" time="5.642"/>
  <system-out/>
  <testcase classname="runner.LoginRunner" name="runScenario" time="5.901"/>
  <system-out/>
</testsuite> <!-- runner.LoginRunner -->
